This is pdfTeX, Version 3.14159265-2.6-1.40.21 (TeX Live 2020/Debian) (preloaded format=pdflatex 2021.7.7)  27 NOV 2021 10:52
entering extended mode
 restricted \write18 enabled.
 %&-line parsing enabled.
**Cartan_Thesis.tex
(./Cartan_Thesis.tex
LaTeX2e <2020-10-01> patch level 4
L3 programming layer <2021-01-09> xparse <2020-03-03>
(/usr/share/texlive/texmf-dist/tex/latex/amscls/amsart.cls
Document Class: amsart 2020/05/29 v2.20.6
\linespacing=\dimen138
\normalparindent=\dimen139
\normaltopskip=\skip47
(/usr/share/texlive/texmf-dist/tex/latex/amsmath/amsmath.sty
Package: amsmath 2020/09/23 v2.17i AMS math features
\@mathmargin=\skip48

For additional information on amsmath, use the `?' option.
(/usr/share/texlive/texmf-dist/tex/latex/amsmath/amstext.sty
Package: amstext 2000/06/29 v2.01 AMS text

(/usr/share/texlive/texmf-dist/tex/latex/amsmath/amsgen.sty
File: amsgen.sty 1999/11/30 v2.0 generic functions
\@emptytoks=\toks15
\ex@=\dimen140
))
(/usr/share/texlive/texmf-dist/tex/latex/amsmath/amsbsy.sty
Package: amsbsy 1999/11/29 v1.2d Bold Symbols
\pmbraise@=\dimen141
)
(/usr/share/texlive/texmf-dist/tex/latex/amsmath/amsopn.sty
Package: amsopn 2016/03/08 v2.02 operator names
)
\inf@bad=\count177
LaTeX Info: Redefining \frac on input line 234.
\uproot@=\count178
\leftroot@=\count179
LaTeX Info: Redefining \overline on input line 399.
\classnum@=\count180
\DOTSCASE@=\count181
LaTeX Info: Redefining \ldots on input line 496.
LaTeX Info: Redefining \dots on input line 499.
LaTeX Info: Redefining \cdots on input line 620.
\Mathstrutbox@=\box47
\strutbox@=\box48
\big@size=\dimen142
LaTeX Font Info:    Redeclaring font encoding OML on input line 743.
LaTeX Font Info:    Redeclaring font encoding OMS on input line 744.
\macc@depth=\count182
\c@MaxMatrixCols=\count183
\dotsspace@=\muskip16
\c@parentequation=\count184
\dspbrk@lvl=\count185
\tag@help=\toks16
\row@=\count186
\column@=\count187
\maxfields@=\count188
\andhelp@=\toks17
\eqnshift@=\dimen143
\alignsep@=\dimen144
\tagshift@=\dimen145
\tagwidth@=\dimen146
\totwidth@=\dimen147
\lineht@=\dimen148
\@envbody=\toks18
\multlinegap=\skip49
\multlinetaggap=\skip50
\mathdisplay@stack=\toks19
LaTeX Info: Redefining \[ on input line 2923.
LaTeX Info: Redefining \] on input line 2924.
)
LaTeX Font Info:    Trying to load font information for U+msa on input line 397
.

(/usr/share/texlive/texmf-dist/tex/latex/amsfonts/umsa.fd
File: umsa.fd 2013/01/14 v3.01 AMS symbols A
)
(/usr/share/texlive/texmf-dist/tex/latex/amsfonts/amsfonts.sty
Package: amsfonts 2013/01/14 v3.01 Basic AMSFonts support
\symAMSa=\mathgroup4
\symAMSb=\mathgroup5
LaTeX Font Info:    Redeclaring math symbol \hbar on input line 98.
LaTeX Font Info:    Overwriting math alphabet `\mathfrak' in version `bold'
(Font)                  U/euf/m/n --> U/euf/b/n on input line 106.
)
\copyins=\insert199
\abstractbox=\box49
\listisep=\skip51
\c@part=\count189
\c@section=\count190
\c@subsection=\count191
\c@subsubsection=\count192
\c@paragraph=\count193
\c@subparagraph=\count194
\c@figure=\count195
\c@table=\count196
\abovecaptionskip=\skip52
\belowcaptionskip=\skip53
\captionindent=\dimen149
\thm@style=\toks20
\thm@bodyfont=\toks21
\thm@headfont=\toks22
\thm@notefont=\toks23
\thm@headpunct=\toks24
\thm@preskip=\skip54
\thm@postskip=\skip55
\thm@headsep=\skip56
\dth@everypar=\toks25
)
(/usr/share/texlive/texmf-dist/tex/latex/base/fontenc.sty
Package: fontenc 2020/08/10 v2.0s Standard LaTeX package
)
(/usr/share/texlive/texmf-dist/tex/latex/base/inputenc.sty
Package: inputenc 2020/08/01 v1.3d Input encoding file
\inpenc@prehook=\toks26
\inpenc@posthook=\toks27

(/usr/share/texlive/texmf-dist/tex/latex/base/latin9.def
File: latin9.def 2020/08/01 v1.3d Input encoding file
))
(/usr/share/texlive/texmf-dist/tex/generic/ulem/ulem.sty
\UL@box=\box50
\UL@hyphenbox=\box51
\UL@skip=\skip57
\UL@hook=\toks28
\UL@height=\dimen150
\UL@pe=\count197
\UL@pixel=\dimen151
\ULC@box=\box52
Package: ulem 2019/11/18
\ULdepth=\dimen152
)
(/usr/share/texlive/texmf-dist/tex/latex/jknapltx/mathrsfs.sty
Package: mathrsfs 1996/01/01 Math RSFS package v1.0 (jk)
\symrsfs=\mathgroup6
)
(/usr/share/texlive/texmf-dist/tex/latex/titlesec/titlesec.sty
Package: titlesec 2019/10/16 v2.13 Sectioning titles
\ttl@box=\box53
\beforetitleunit=\skip58
\aftertitleunit=\skip59
\ttl@plus=\dimen153
\ttl@minus=\dimen154
\ttl@toksa=\toks29
\titlewidth=\dimen155
\titlewidthlast=\dimen156
\titlewidthfirst=\dimen157
)
(/usr/share/texlive/texmf-dist/tex/generic/babel/babel.sty
Package: babel 2021/01/26 3.53 The Babel package

(/usr/share/texlive/texmf-dist/tex/generic/babel/babel.def
File: babel.def 2021/01/26 3.53 Babel common definitions
\babel@savecnt=\count198
\U@D=\dimen158
\l@babelnohyphens=\language86

(/usr/share/texlive/texmf-dist/tex/generic/babel/txtbabel.def)
\bbl@readstream=\read2
)
\bbl@dirlevel=\count266

(/usr/share/texlive/texmf-dist/tex/generic/babel-english/english.ldf
Language: english 2017/06/06 v3.3r English support from the babel system
Package babel Info: \l@canadian = using hyphenrules for english
(babel)             (\language0) on input line 102.
Package babel Info: \l@australian = using hyphenrules for ukenglish
(babel)             (\language6) on input line 105.
Package babel Info: \l@newzealand = using hyphenrules for ukenglish
(babel)             (\language6) on input line 108.
))
(/usr/share/texlive/texmf-dist/tex/latex/l3backend/l3backend-pdftex.def
File: l3backend-pdftex.def 2020-01-29 L3 backend support: PDF output (pdfTeX)
\l__color_backend_stack_int=\count267
\l__pdf_internal_box=\box54
)
(./Cartan_Thesis.aux

LaTeX Warning: Label `eq:12' multiply defined.

)
\openout1 = `Cartan_Thesis.aux'.

LaTeX Font Info:    Checking defaults for OML/cmm/m/it on input line 20.
LaTeX Font Info:    ... okay on input line 20.
LaTeX Font Info:    Checking defaults for OMS/cmsy/m/n on input line 20.
LaTeX Font Info:    ... okay on input line 20.
LaTeX Font Info:    Checking defaults for OT1/cmr/m/n on input line 20.
LaTeX Font Info:    ... okay on input line 20.
LaTeX Font Info:    Checking defaults for T1/cmr/m/n on input line 20.
LaTeX Font Info:    ... okay on input line 20.
LaTeX Font Info:    Checking defaults for TS1/cmr/m/n on input line 20.
LaTeX Font Info:    ... okay on input line 20.
LaTeX Font Info:    Checking defaults for OMX/cmex/m/n on input line 20.
LaTeX Font Info:    ... okay on input line 20.
LaTeX Font Info:    Checking defaults for U/cmr/m/n on input line 20.
LaTeX Font Info:    ... okay on input line 20.
LaTeX Font Info:    Trying to load font information for U+msa on input line 20.

 (/usr/share/texlive/texmf-dist/tex/latex/amsfonts/umsa.fd
File: umsa.fd 2013/01/14 v3.01 AMS symbols A
)
LaTeX Font Info:    Trying to load font information for U+msb on input line 20.


(/usr/share/texlive/texmf-dist/tex/latex/amsfonts/umsb.fd
File: umsb.fd 2013/01/14 v3.01 AMS symbols B
)
LaTeX Font Info:    Trying to load font information for U+rsfs on input line 20
.

(/usr/share/texlive/texmf-dist/tex/latex/jknapltx/ursfs.fd
File: ursfs.fd 1998/03/24 rsfs font definition file (jk)
)
Underfull \hbox (badness 10000) in paragraph at lines 28--181

 []


Underfull \hbox (badness 10000) in paragraph at lines 28--181

 []


Underfull \hbox (badness 10000) in paragraph at lines 28--181

 []


Underfull \hbox (badness 10000) in paragraph at lines 28--181

 []


Underfull \hbox (badness 10000) in paragraph at lines 28--181

 []


Underfull \hbox (badness 10000) in paragraph at lines 28--181

 []


Underfull \hbox (badness 10000) in paragraph at lines 28--181

 []


Underfull \hbox (badness 10000) in paragraph at lines 28--181

 []


Underfull \hbox (badness 10000) in paragraph at lines 28--181

 []


Underfull \hbox (badness 10000) in paragraph at lines 28--181

 []

[1{/var/lib/texmf/fonts/map/pdftex/updmap/pdftex.map}] [2] [3]
Underfull \vbox (badness 10000) has occurred while \output is active []

 [4]
Underfull \hbox (badness 10000) in paragraph at lines 202--206

 []


Underfull \hbox (badness 10000) in paragraph at lines 220--224

 []


Underfull \hbox (badness 10000) in paragraph at lines 226--232

 []

[5]
Underfull \hbox (badness 10000) in paragraph at lines 234--258

 []


Underfull \hbox (badness 10000) in paragraph at lines 234--258

 []


Underfull \hbox (badness 10000) in paragraph at lines 234--258

 []


Underfull \hbox (badness 10000) in paragraph at lines 234--258

 []


Underfull \hbox (badness 10000) in paragraph at lines 234--258

 []


Underfull \hbox (badness 10000) in paragraph at lines 268--275

 []

[6]
Underfull \hbox (badness 10000) in paragraph at lines 277--279

 []


Underfull \hbox (badness 10000) in paragraph at lines 283--294

 []


Underfull \hbox (badness 10000) in paragraph at lines 296--304

 []


Underfull \hbox (badness 10000) in paragraph at lines 312--322

 []

[7]
Overfull \hbox (1.00768pt too wide) in paragraph at lines 328--336
\T1/cmr/m/n/10 The in-fin-i-tes-i-mal trans-for-ma-tion $[] \OML/cmm/m/it/10 ^^
U[]X[]f$ \T1/cmr/m/it/10 com-mutes \T1/cmr/m/n/10 with all the in-fin-i-tes-i-m
al trans-
 []


Underfull \hbox (badness 10000) in paragraph at lines 328--336

 []


Underfull \hbox (badness 10000) in paragraph at lines 342--356

 []


Underfull \hbox (badness 10000) in paragraph at lines 342--356

 []

[8]
Underfull \hbox (badness 10000) in paragraph at lines 374--381

 []


Underfull \hbox (badness 10000) in paragraph at lines 388--396

 []


Overfull \hbox (1.8003pt too wide) in paragraph at lines 388--396
\T1/cmr/m/n/10 lin-ear and ho-mo-ge-neous and are ob-tained, for ex-am-ple, by 
elim-i-nat-ing $\OML/cmm/m/it/10 ^^U[]; ^^U[]; [] ; ^^U[]$
 []

[9]
Underfull \hbox (badness 10000) in paragraph at lines 409--419

 []


Underfull \hbox (badness 10000) in paragraph at lines 421--426

 []


Underfull \hbox (badness 10000) in paragraph at lines 428--441

 []


Underfull \hbox (badness 10000) in paragraph at lines 428--441

 []

[10]
Underfull \hbox (badness 10000) in paragraph at lines 456--461

 []

[11]
Underfull \hbox (badness 10000) in paragraph at lines 495--519

 []


Underfull \hbox (badness 10000) in paragraph at lines 495--519

 []


Underfull \hbox (badness 10000) in paragraph at lines 495--519

 []


Underfull \hbox (badness 10000) in paragraph at lines 519--524

 []

[12]
Underfull \vbox (badness 10000) has occurred while \output is active []

 [13]
Underfull \hbox (badness 10000) in paragraph at lines 528--541

 []


Underfull \hbox (badness 10000) in paragraph at lines 577--593

 []


Underfull \hbox (badness 10000) in paragraph at lines 577--593

 []

[14]
Underfull \hbox (badness 10000) in paragraph at lines 598--600

 []


Underfull \hbox (badness 10000) in paragraph at lines 611--614

 []

[15]
Underfull \hbox (badness 10000) in paragraph at lines 649--651

 []


Underfull \hbox (badness 10000) in paragraph at lines 658--667

 []

[16]
Underfull \hbox (badness 10000) in paragraph at lines 676--687

 []


Underfull \hbox (badness 10000) in paragraph at lines 676--687

 []


Underfull \hbox (badness 10000) in paragraph at lines 696--711

 []


Underfull \hbox (badness 10000) in paragraph at lines 696--711

 []


Underfull \hbox (badness 10000) in paragraph at lines 713--725

 []


Underfull \hbox (badness 10000) in paragraph at lines 713--725

 []

[17]
Underfull \hbox (badness 10000) in paragraph at lines 742--763

 []


Underfull \hbox (badness 10000) in paragraph at lines 742--763

 []


Underfull \hbox (badness 10000) in paragraph at lines 742--763

 []


Underfull \hbox (badness 10000) in paragraph at lines 742--763

 []


Overfull \hbox (36.06778pt too wide) in paragraph at lines 742--763
\T1/cmr/m/n/10 Here, in par-tic-u-lar, there ex-ist $\OML/cmm/m/it/10 r$ \T1/cm
r/m/n/10 in-fin-i-tes-i-mal trans-for-ma-tions $\OML/cmm/m/it/10 Y[]f; [] ; Y[]
f; Y[]f; [] ; Y[]f$\T1/cmr/m/n/10 ,
 []


Underfull \hbox (badness 10000) in paragraph at lines 765--788

 []


Underfull \hbox (badness 10000) in paragraph at lines 765--788

 []


Underfull \hbox (badness 10000) in paragraph at lines 765--788

 []


Underfull \hbox (badness 10000) in paragraph at lines 765--788

 []

[18]
Underfull \hbox (badness 10000) in paragraph at lines 790--804

 []


Underfull \hbox (badness 10000) in paragraph at lines 790--804

 []


Underfull \hbox (badness 10000) in paragraph at lines 790--804

 []


Underfull \hbox (badness 10000) in paragraph at lines 790--804

 []


Underfull \hbox (badness 10000) in paragraph at lines 811--838

 []


Underfull \hbox (badness 10000) in paragraph at lines 811--838

 []


Underfull \hbox (badness 10000) in paragraph at lines 811--838

 []


Underfull \hbox (badness 10000) in paragraph at lines 811--838

 []


Underfull \hbox (badness 10000) in paragraph at lines 811--838

 []


Underfull \hbox (badness 10000) in paragraph at lines 811--838

 []

[19]
Underfull \hbox (badness 10000) in paragraph at lines 840--843

 []

[20]
Underfull \hbox (badness 10000) in paragraph at lines 880--906

 []


Underfull \hbox (badness 10000) in paragraph at lines 880--906

 []


Underfull \hbox (badness 10000) in paragraph at lines 880--906

 []


Underfull \hbox (badness 10000) in paragraph at lines 880--906

 []


Underfull \hbox (badness 10000) in paragraph at lines 880--906

 []

[21]
Underfull \hbox (badness 10000) in paragraph at lines 910--915

 []


Underfull \hbox (badness 10000) in paragraph at lines 922--931

 []


Underfull \hbox (badness 10000) in paragraph at lines 945--946

 []


Overfull \vbox (1.4357pt too high) has occurred while \output is active []


[22]
Overfull \hbox (9.95567pt too wide) in paragraph at lines 963--967
\T1/cmr/m/n/10 hence it fol-lows that $\OT1/cmr/m/n/10 [\OML/cmm/m/it/10 X[]; X
[]\OT1/cmr/m/n/10 ]$ \T1/cmr/m/n/10 com-bined with $\OML/cmm/m/it/10 X[]f$\T1/c
mr/m/n/10 , de-pends only on $\OML/cmm/m/it/10 X[]f; [] ; X[]f$\T1/cmr/m/n/10 .

 []


Underfull \hbox (badness 10000) in paragraph at lines 963--967

 []


Underfull \hbox (badness 10000) in paragraph at lines 969--976

 []


Underfull \hbox (badness 10000) in paragraph at lines 969--976

 []


Underfull \hbox (badness 10000) in paragraph at lines 999--1004

 []

[23]
Underfull \hbox (badness 10000) in paragraph at lines 1006--1023

 []


Underfull \hbox (badness 10000) in paragraph at lines 1006--1023

 []


Overfull \hbox (8.50638pt too wide) in paragraph at lines 1006--1023
\OML/cmm/m/it/10 X[]f; [] ; X[]f$\T1/cmr/m/n/10 , of which it is a part. The in
-fin-i-tes-i-mal trans-for-ma-tions $\OML/cmm/m/it/10 X[]f; [] ; X[]f$
 []


Underfull \hbox (badness 10000) in paragraph at lines 1033--1037

 []


Underfull \hbox (badness 10000) in paragraph at lines 1045--1049

 []

[24]
Underfull \hbox (badness 10000) in paragraph at lines 1067--1070

 []


Overfull \hbox (30.27359pt too wide) in paragraph at lines 1076--1093
\T1/cmr/m/n/10 The sub-group $\OML/cmm/m/it/10 X[]f; [] ; X[]f$ \T1/cmr/m/n/10 
leaves the fam-ily of in-fin-i-tes-i-mal trans-for-ma-tions $\OML/cmm/m/it/10 e
[]X[]f \OT1/cmr/m/n/10 +
 []


Underfull \hbox (badness 10000) in paragraph at lines 1076--1093

 []


Underfull \hbox (badness 10000) in paragraph at lines 1076--1093

 []

[25]
Underfull \hbox (badness 10000) in paragraph at lines 1109--1115

 []

[26]
Underfull \hbox (badness 10000) in paragraph at lines 1153--1183

 []


Underfull \hbox (badness 10000) in paragraph at lines 1153--1183

 []


Underfull \hbox (badness 10000) in paragraph at lines 1153--1183

 []


Underfull \hbox (badness 10000) in paragraph at lines 1153--1183

 []


Underfull \hbox (badness 10000) in paragraph at lines 1185--1193

 []

[27]
Underfull \hbox (badness 10000) in paragraph at lines 1195--1203

 []


Underfull \hbox (badness 10000) in paragraph at lines 1209--1215

 []


Underfull \hbox (badness 10000) in paragraph at lines 1236--1261

 []


Underfull \hbox (badness 10000) in paragraph at lines 1236--1261

 []


Underfull \hbox (badness 10000) in paragraph at lines 1236--1261

 []

[28]
Underfull \hbox (badness 10000) in paragraph at lines 1267--1271

 []


Underfull \hbox (badness 10000) in paragraph at lines 1273--1278

 []


Underfull \hbox (badness 10000) in paragraph at lines 1284--1309

 []


Underfull \hbox (badness 10000) in paragraph at lines 1284--1309

 []


Underfull \hbox (badness 10000) in paragraph at lines 1284--1309

 []


Underfull \hbox (badness 10000) in paragraph at lines 1284--1309

 []

[29]
Overfull \hbox (9.98695pt too wide) detected at line 1336
[]
 []

[30]
Underfull \hbox (badness 10000) in paragraph at lines 1343--1366

 []


Underfull \hbox (badness 10000) in paragraph at lines 1343--1366

 []


Underfull \hbox (badness 10000) in paragraph at lines 1343--1366

 []


Underfull \hbox (badness 10000) in paragraph at lines 1343--1366

 []


Underfull \hbox (badness 10000) in paragraph at lines 1380--1402

 []


Underfull \hbox (badness 10000) in paragraph at lines 1380--1402

 []


Underfull \hbox (badness 10000) in paragraph at lines 1380--1402

 []

[31]
Underfull \vbox (badness 10000) has occurred while \output is active []

 [32]
Underfull \hbox (badness 10000) in paragraph at lines 1407--1455

 []


Underfull \hbox (badness 10000) in paragraph at lines 1407--1455

 []


Underfull \hbox (badness 10000) in paragraph at lines 1407--1455

 []


Underfull \hbox (badness 10000) in paragraph at lines 1407--1455

 []


Underfull \hbox (badness 10000) in paragraph at lines 1407--1455

 []


Underfull \hbox (badness 10000) in paragraph at lines 1407--1455

 []


Underfull \hbox (badness 10000) in paragraph at lines 1407--1455

 []


Underfull \hbox (badness 10000) in paragraph at lines 1407--1455

 []

[33]
Underfull \hbox (badness 10000) in paragraph at lines 1457--1464

 []


Underfull \hbox (badness 10000) in paragraph at lines 1457--1464

 []


Underfull \hbox (badness 10000) in paragraph at lines 1466--1485

 []


Underfull \hbox (badness 10000) in paragraph at lines 1466--1485

 []


Underfull \hbox (badness 10000) in paragraph at lines 1466--1485

 []


Underfull \hbox (badness 10000) in paragraph at lines 1466--1485

 []


Underfull \hbox (badness 10000) in paragraph at lines 1466--1485

 []


Underfull \hbox (badness 10000) in paragraph at lines 1466--1485

 []


Underfull \hbox (badness 10000) in paragraph at lines 1466--1485

 []

[34]
Underfull \hbox (badness 10000) in paragraph at lines 1491--1495

 []


Underfull \hbox (badness 10000) in paragraph at lines 1497--1506

 []


Underfull \hbox (badness 10000) in paragraph at lines 1497--1506

 []


Underfull \hbox (badness 10000) in paragraph at lines 1497--1506

 []


Underfull \hbox (badness 10000) in paragraph at lines 1497--1506

 []


Underfull \hbox (badness 10000) in paragraph at lines 1508--1514

 []


Underfull \hbox (badness 10000) in paragraph at lines 1508--1514

 []

[35]
Underfull \hbox (badness 10000) in paragraph at lines 1525--1541

 []


Underfull \hbox (badness 10000) in paragraph at lines 1525--1541

 []


Underfull \hbox (badness 10000) in paragraph at lines 1541--1541

 []


Underfull \hbox (badness 10000) in paragraph at lines 1541--1544

 []

[36]
Underfull \hbox (badness 10000) in paragraph at lines 1546--1551

 []


Underfull \hbox (badness 10000) in paragraph at lines 1546--1551

 []


Underfull \hbox (badness 10000) in paragraph at lines 1583--1589

 []


Underfull \hbox (badness 10000) in paragraph at lines 1583--1589

 []

[37]
Underfull \vbox (badness 10000) has occurred while \output is active []

 [38]
Underfull \hbox (badness 10000) in paragraph at lines 1595--1625

 []


Underfull \hbox (badness 10000) in paragraph at lines 1595--1625

 []


Overfull \hbox (5.7081pt too wide) in paragraph at lines 1595--1625
\T1/cmr/m/n/10 in-fin-i-tes-i-mal trans-for-ma-tion ex-change-able be-tween the
m. If $\OML/cmm/m/it/10 X[]f; X[]f; [] ; X[]f$
 []


Underfull \hbox (badness 10000) in paragraph at lines 1595--1625

 []


Underfull \hbox (badness 10000) in paragraph at lines 1595--1625

 []


Underfull \hbox (badness 10000) in paragraph at lines 1595--1625

 []


Underfull \hbox (badness 10000) in paragraph at lines 1595--1625

 []


Underfull \hbox (badness 10000) in paragraph at lines 1595--1625

 []


Underfull \vbox (badness 10000) has occurred while \output is active []

 [39]
Underfull \hbox (badness 10000) in paragraph at lines 1629--1650

 []


Underfull \hbox (badness 10000) in paragraph at lines 1629--1650

 []


Underfull \hbox (badness 10000) in paragraph at lines 1629--1650

 []


Underfull \hbox (badness 10000) in paragraph at lines 1629--1650

 []


Underfull \hbox (badness 10000) in paragraph at lines 1652--1657

 []

[40] (./Cartan_Thesis.aux)

LaTeX Warning: There were multiply-defined labels.

 ) 
Here is how much of TeX's memory you used:
 3088 strings out of 479304
 39771 string characters out of 5869780
 355681 words of memory out of 5000000
 20103 multiletter control sequences out of 15000+600000
 418048 words of font info for 65 fonts, out of 8000000 for 9000
 1302 hyphenation exceptions out of 8191
 82i,15n,88p,1171b,200s stack positions out of 5000i,500n,10000p,200000b,80000s
{/usr/share/texmf/fonts/enc/dvips/cm-super/cm-super-t1.enc}</usr/share/texliv
e/texmf-dist/fonts/type1/public/amsfonts/cm/cmex10.pfb></usr/share/texlive/texm
f-dist/fonts/type1/public/amsfonts/cmextra/cmex8.pfb></usr/share/texlive/texmf-
dist/fonts/type1/public/amsfonts/cm/cmmi10.pfb></usr/share/texlive/texmf-dist/f
onts/type1/public/amsfonts/cm/cmmi5.pfb></usr/share/texlive/texmf-dist/fonts/ty
pe1/public/amsfonts/cm/cmmi6.pfb></usr/share/texlive/texmf-dist/fonts/type1/pub
lic/amsfonts/cm/cmmi7.pfb></usr/share/texlive/texmf-dist/fonts/type1/public/ams
fonts/cm/cmmi8.pfb></usr/share/texlive/texmf-dist/fonts/type1/public/amsfonts/c
m/cmr10.pfb></usr/share/texlive/texmf-dist/fonts/type1/public/amsfonts/cm/cmr5.
pfb></usr/share/texlive/texmf-dist/fonts/type1/public/amsfonts/cm/cmr6.pfb></us
r/share/texlive/texmf-dist/fonts/type1/public/amsfonts/cm/cmr7.pfb></usr/share/
texlive/texmf-dist/fonts/type1/public/amsfonts/cm/cmr8.pfb></usr/share/texlive/
texmf-dist/fonts/type1/public/amsfonts/cm/cmsy10.pfb></usr/share/texlive/texmf-
dist/fonts/type1/public/amsfonts/cm/cmsy5.pfb></usr/share/texlive/texmf-dist/fo
nts/type1/public/amsfonts/cm/cmsy6.pfb></usr/share/texlive/texmf-dist/fonts/typ
e1/public/amsfonts/cm/cmsy7.pfb></usr/share/texlive/texmf-dist/fonts/type1/publ
ic/amsfonts/cm/cmsy8.pfb></usr/share/texlive/texmf-dist/fonts/type1/public/rsfs
/rsfs10.pfb></usr/share/texmf/fonts/type1/public/cm-super/sfbi1000.pfb></usr/sh
are/texmf/fonts/type1/public/cm-super/sfbx1000.pfb></usr/share/texmf/fonts/type
1/public/cm-super/sfbx1200.pfb></usr/share/texmf/fonts/type1/public/cm-super/sf
cc1000.pfb></usr/share/texmf/fonts/type1/public/cm-super/sfrm0600.pfb></usr/sha
re/texmf/fonts/type1/public/cm-super/sfrm0700.pfb></usr/share/texmf/fonts/type1
/public/cm-super/sfrm0800.pfb></usr/share/texmf/fonts/type1/public/cm-super/sfr
m1000.pfb></usr/share/texmf/fonts/type1/public/cm-super/sfti0800.pfb></usr/shar
e/texmf/fonts/type1/public/cm-super/sfti1000.pfb>
Output written on Cartan_Thesis.pdf (40 pages, 506477 bytes).
PDF statistics:
 248 PDF objects out of 1000 (max. 8388607)
 176 compressed objects within 2 object streams
 0 named destinations out of 1000 (max. 500000)
 1 words of extra memory for PDF output out of 10000 (max. 10000000)

